1-2 3-4 0-0 2-3 4-5
2-1 5-3 0-2 7-6 1-0 3-2
6-2 8-4 2-1 0-0 12-10 4-2 7-3 11-6 9-5 1-0 5-2
3-4 26-27 12-16 4-6 14-13 8-9 23-25 13-17 24-26 16-22 22-28 9-10 17-23 10-11 27-30 7-12 15-19 25-27 18-24 14-14 20-24 21-29 0-0 5-8 1-1 2-3 6-9
1-1 2-2 3-2 0-0
1-0
1-0 2-0 0-0
1-0 2-0 0-0
6-5 5-4 2-0 7-6 1-0 3-2 4-1
2-1 7-5 4-3 0-0 10-9 5-4 12-10 11-9 6-4 15-14 14-13 8-12 1-0 3-2 9-7 13-11 15-15
1-0 2-0 0-0
3-1 12-16 20-23 8-6 17-18 13-14 16-13 4-2 18-19 21-21 5-3 9-7 22-22 23-24 2-1 10-8 11-10 19-20 6-4 0-0 1-1 7-5 15-12
4-3 3-7 5-4 22-23 6-5 15-14 26-26 20-19 3-6 23-24 8-11 27-27 19-17 13-13 30-31 24-25 16-15 18-18 6-28 29-30 21-20 0-0 9-9 17-16 1-1 11-12 28-28 7-5 25-26
6-5 0-0 9-9 1-1 4-6 12-13 5-7 11-11 8-12 10-10 3-3 2-2 7-8
1-0 2-1 0-0
2-1 0-0 4-3 3-3 1-0 3-2
0-0 1-1 4-2 2-2 3-2
4-4 0-0 1-1 5-4 3-3 2-2
1-2 5-7 6-7 3-6 4-7
2-4 5-5 9-13 0-0 10-14 3-7 12-10 15-17 11-9 8-16 4-8 7-15 1-3 13-11 14-12
0-1 2-4 1-2 0-0 5-3
1-2 3-4 0-0 2-3 4-5
35-33 20-17 5-4 38-35 29-29 8-3 17-15 36-34 30-30 6-5 24-23 16-19 4-2 21-21 39-35 9-10 10-11 27-27 2-7 37-35 13-13 25-24 33-31 26-25 12-14 3-8 0-0 23-26 40-36 1-1 19-16 11-12 28-28 34-32 41-37 15-18
21-16 4-3 17-9 22-17 9-5 10-6 2-2 13-8 7-4 25-19 26-20 23-18 5-3 11-7 15-10 18-12 20-15 0-0 8-1 19-13 16-11
13-8 11-7 16-11 2-1 9-3 0-0 9-6 8-10 10-7 17-12 14-9 3-2 12-8
1-1 1-2 0-0
1-0 2-0 0-0
7-4 11-7 8-4 0-0 3-1 2-0 10-7 4-2 9-5 10-6 1-0 6-3 5-2
2-1 0-0
1-1 2-2 0-0
0-0 4-9 1-1 6-4 10-10 8-6 2-2 5-3 7-5 9-7
1-2 2-1 0-0 6-4 7-6 3-5
6-5 0-0 8-7 9-9 1-1 5-4 3-3 7-6 4-8 2-2
0-0 1-1 7-3 4-5 8-6 6-3 5-2
4-4 5-5 2-1 6-5 4-3 0-0 3-2
0-1 2-4 4-5 5-6 1-3
1-1 2-2 3-4 0-0
1-1 3-3 2-2 0-0
0-1 4-4 1-1 3-3 2-2
1-1 0-0
12-4 21-10 22-11 29-20 9-2 27-16 13-5 16-7 12-3 20-10 14-6 23-12 17-8 24-13 18-9 25-18 4-19 0-0 28-16 11-3 19-10 15-6 2-18 26-15
4-3 0-0 1-1 5-4 3-2
12-4 21-10 22-11 29-20 9-2 27-16 10-3 13-5 16-7 20-10 14-6 23-12 3-18 17-8 11-4 24-13 18-9 25-18 4-19 0-0 28-16 19-10 15-6 2-18 26-15
4-3 0-0 1-1 5-4 3-3 2-2
7-1 8-4 1-1 7-3 2-3 0-2 5-0 6-0
1-1 3-3 2-2 0-0
1-1 3-3 2-2 0-0
1-1 0-0
18-17 26-24 21-19 22-20 14-13 2-2 15-14 25-22 24-20 5-6 8-8 1-2 4-23 11-10 19-17 6-7 16-15 12-11 20-18 3-5 4-4 23-20 0-0 9-9 17-16 10-10 13-12 7-8
1-2 9-13 2-1 0-0 10-14 3-7 6-10 4-8 8-12
3-8 0-0 6-4 4-2 7-9 5-3 2-5
5-5 6-5 4-3 7-5 1-1 2-2 3-2
10-5 12-7 0-0 3-1 13-7 5-3 14-7 2-0 6-4 4-2 11-6 9-5 1-0
0-4 8-7 5-4 7-0 4-5 5-6 2-2
4-4 5-5 10-9 11-10 0-0 8-7 15-14 1-1 14-13 9-8 13-12 2-2 6-6 12-11
2-4 0-0 1-1 2-3 2-2
2-3 1-1 3-4 0-0
4-4 1-2 5-5 2-1 3-4 0-0 10-8 6-1 11-9 8-6 9-7
0-1 1-2 3-4 0-0 2-3
4-3 0-0 1-1 5-4 2-2 3-2
2-4 0-0 4-2 4-5 5-6 3-2 1-3
1-0 2-1 0-0
1-1 0-0
4-4 9-10 5-5 2-1 0-0 6-6 10-7 13-13 3-3 7-12 8-9 1-0 3-2 12-8
7-4 0-0 3-1 1-1 9-6 10-6 6-3 8-5 5-2
0-0
8-8 6-2 7-7 0-0 1-1 5-3
4-3 0-0 1-1 6-4 5-3 3-2
2-3 1-1 3-4 0-0
1-1 2-2 0-0
6-5 4-3 0-0 1-1 5-4 3-3 2-2
0-1 8-4 5-3 7-3 1-0 3-2 6-3
7-4 2-1 4-3 0-0 9-6 5-3 3-2 6-3 8-5
0-0 1-1 6-4 3-2 6-3
2-1 6-5 4-3 0-0 6-4 1-0 3-2
1-1 2-2 0-0
4-3 0-0 1-1 5-4 6-7 3-6 2-2
1-0 0-0
1-2 0-0
5-5 3-4 4-3 0-0 1-1 2-2
1-2 0-0
7-4 8-4 0-0 9-4 1-1 4-5 10-6 6-3 5-2
4-4 5-5 0-0 1-1 3-3 2-2 6-6
3-1 5-4 2-0 5-1 4-2
1-0 2-0 0-0
7-4 10-5 0-0 3-1 5-3 2-0 4-2 9-5 1-0 8-5
4-4 0-0 1-1 3-3 2-2
4-4 8-8 5-5 7-7 10-9 3-1 8-10 9-8 6-6 12-11
41-40 50-49 22-8 18-17 42-45 31-20 21-19 3-7 51-50 4-6 17-58 31-32 8-9 39-36 17-15 10-12 7-4 26-11 37-39 59-60 44-47 23-21 40-37 28-14 49-49 27-27 11-10 6-4 13-13 47-48 12-11 20-18 35-34 32-41 5-2 43-47 38-39 0-0 48-49 1-1 9-12 34-35 28-28 36-38
1-1 7-9 6-7 0-2 5-10 8-12 3-6 4-11 2-5
4-4 5-5 18-20 1-1 9-12 2-0 12-19 10-13 15-17 17-18 0-2 3-3 8-9 6-6 13-15 11-14 7-8
18-20 5-10 19-18 13-11 6-5 12-9 21-15 20-19 22-16 14-12 9-7 17-14 2-1 10-8 15-13 7-6 16-21 24-22 3-2 4-4 23-17 0-0 11-9
32-34 4-3 5-4 12-13 20-20 31-32 9-8 8-6 1-0 28-30 27-28 15-14 6-11 4-2 16-25 21-21 26-29 29-31 22-22 2-1 30-32 13-15 18-18 25-27 3-2 14-14 23-23 0-0 17-16 11-12 10-10 19-19 7-5 24-24
4-6 5-7 9-5 17-12 11-5 6-2 18-13 14-9 22-16 21-18 10-5 19-14 7-3 15-10 24-19 12-8 20-15 23-17 8-4 0-0 1-1 16-11
8-8 5-5 3-4 7-7 4-3 0-0 9-9 1-1 14-12 12-13 15-14 10-10 16-15 2-2 6-6 11-11
1-1 2-0 3-2
1-0 2-0 0-0
1-1 0-0
5-5 3-4 10-8 0-0 1-1 12-9 2-3 6-7 8-6 11-8
4-4 5-5 7-7 0-0 9-9 10-14 1-1 13-10 12-13 6-6 3-2 14-12 15-15
12-1 9-13 15-14 3-7 13-3 6-10 4-8 8-12 1-0 5-9 7-11 14-5
5-5 3-4 4-3 0-0 1-1 2-2
1-0 2-1 0-0
1-0 2-0 0-0
0-0 3-1 2-0 4-2 1-0 5-2
1-0 2-0 0-0
0-1 1-1 2-2
3-8 6-5 0-0 8-7 1-1 2-3 7-6 10-9 9-7
4-3 0-0 1-1 6-4 3-3 2-2 5-3
1-1 3-3 2-2 0-0
0-1 1-1 2-2
6-5 4-3 0-0 1-1 5-4 9-6 10-10 3-3 8-9 2-2
11-7 4-3 3-1 2-0 10-7 14-10 0-2 8-6 7-5 15-12 12-8
12-11 14-14 9-13 11-10 4-3 0-0 1-1 5-4 6-7 13-12 10-9 3-2 2-5 7-8
2-3 1-1 3-4 0-0
4-4 8-8 5-5 7-7 0-0 9-9 1-1 10-10 3-3 12-12 2-2 6-6 11-11
10-5 0-0 9-4 3-0 7-3 11-6 4-1 5-2
1-0 2-0 3-1 0-0
1-0 2-0 0-0
1-0 2-0 0-0
1-0
0-0
26-21 1-3 10-15 25-13 6-5 16-19 20-10 14-18 2-1 11-16 17-20 24-13 18-9 21-11 5-2 4-4 22-12 12-17 0-0 8-7 17-16 9-6 7-8
0-1 1-0 3-2
4-4 7-1 3-3 6-0 5-2
6-1 5-0 0-0
11-7 0-3 1-4 4-5 2-2
4-2 1-10 0-5 2-11 5-12
0-1 3-4 0-0 0-2 4-5 1-3
6-4 0-0
1-1 0-0
1-1
3-0 0-0
13-14 3-4 0-0 6-8 4-6 8-10 12-13 5-7 14-15 7-9 11-12 15-16 9-11 2-5 10-12 16-17
10-9 0-0 1-1 6-4 4-2 8-6 5-3 7-5 9-7 2-8
12-7 3-1 5-4 22-17 14-13 8-9 17-15 11-11 18-16 4-2 20-16 23-18 9-10 21-17 0-0 1-1 10-10 13-12 16-14 6-3
0-0 1-1 3-6 2-2 4-7
4-4 5-5 10-8 0-0 8-7 1-1 3-3 7-6 2-2 6-6 9-7
1-0 1-1 2-1 0-0
3-1 1-1 2-1 0-0
0-0
9-10 7-4 11-7 8-4 2-1 6-5 0-0 4-2 13-9 10-6 5-3 12-8 14-12
1-2 0-0 3-1 6-4 2-3 8-6 7-5
0-0
7-1 0-0 1-1 8-2 4-1
0-0
5-5 3-4 4-3 0-0 1-1 2-2
1-0 2-0 0-0
1-1 0-0
20-14 4-3 5-4 10-6 8-6 2-2 6-5 16-13 14-9 19-11 11-7 15-10 18-12 3-2 12-8 0-0 1-1 9-6 17-13 13-9 7-5
1-1 1-2 0-0
1-0 2-0 0-0
8-8 1-2 4-3 9-9 6-7 5-6 2-2 3-2
4-4 5-5 0-0 1-1 3-3 2-2
1-1 1-2 0-0
1-0 2-1 0-0
4-4 6-12 11-7 5-5 0-0 9-9 1-1 13-13 3-3 10-6 2-2 8-11
3-1 0-2 1-2 4-3
4-3 0-0 1-1 3-3 2-2
4-4 0-0 1-1 3-3 2-2
8-8 13-14 5-5 1-2 3-4 7-7 0-0 9-9 10-9 11-10 2-3 14-13 16-15 6-6 12-11 15-12
1-2 2-2 0-0
2-1 6-5 0-0 5-4 3-3 7-6 1-0
1-1 0-0
9-8 11-11 6-2 16-13 18-16 4-5 21-18 23-21 22-19 7-6 24-22 25-24 20-18 5-5 14-14 0-0 8-7 1-1 17-13 27-23 2-3 10-10 28-25 13-12 15-12
3-1 1-1 2-1
3-1 1-1 2-1 0-0
1-0 2-0 0-0
1-0 2-0 0-0
1-0 2-0 3-1 0-0
1-0 2-2 2-1 0-0
1-0 2-0 0-0
7-4 1-2 0-0 5-1 11-6 2-3 4-5 10-6 5-6
1-1 0-0
1-0 2-0 0-0
1-1 0-0
1-0 2-1 0-0
1-0 0-0
1-1 2-2 0-0
11-10 4-3 1-5 0-0 5-4 10-13 6-7 13-15 3-3 8-9 12-12 9-14 2-2 12-11 7-8
1-2 2-1 6-5 4-3 0-0 7-10 5-4 10-8 11-9 16-14 14-13 8-6 13-12 18-15 12-11 9-7
1-0 0-0
3-2 2-2 0-0
1-1 2-2 0-0
1-0 1-1 4-2 0-0
2-1 0-0 1-0 7-5 6-3 5-2
4-4 8-8 5-5 7-7 11-10 0-0 9-9 12-10 1-1 10-10 3-3 2-2 6-6 13-11 14-12
3-4 7-7 0-0 5-8 8-7 1-1 9-9 6-6 4-5 2-2 5-3
4-4 0-0 1-1 5-4 3-3 8-6 2-2 7-5
3-4 8-9 2-2 19-15 16-13 4-5 5-6 14-15 17-14 9-10 10-11 6-7 15-16 20-18 0-0 1-1 13-15 7-8 18-14
4-4 7-4 5-5 0-0 11-13 1-1 14-7 15-10 18-9 20-16 3-3 2-2 16-8 13-15 10-12 12-14
3-4 1-1 4-5 7-6 5-6 2-2 6-6
21-16 12-10 9-8 2-2 13-11 7-7 20-16 3-3 14-12 17-14 8-8 10-8 18-15 4-4 5-5 0-0 1-1 11-9 19-16 6-6 16-14
14-16 8-9 2-2 15-17 3-3 5-6 9-10 10-11 6-7 16-18 12-14 4-4 5-5 0-0 1-1 8-10 11-12 13-15 7-8
20-20 2-2 11-11 7-7 16-16 25-25 3-3 12-12 21-21 22-22 8-8 17-17 13-13 18-18 4-4 5-5 14-14 23-23 0-0 9-9 1-1 24-24 10-10 19-19 6-6 15-15
22-17 19-15 15-8 4-2 20-16 12-12 23-18 5-3 11-13 16-9 6-4 25-21 24-19 21-20 8-4 0-0 17-10 9-6 10-7 13-9 18-11
20-20 2-2 11-11 7-7 16-16 3-3 12-12 8-8 17-17 13-13 18-18 4-4 5-5 14-14 0-0 9-9 1-1 10-10 19-19 6-6 15-15
2-1 6-5 14-11 15-14 13-10 8-13 12-6 7-6 10-12 3-2 6-3 9-7 11-8
16-20 10-11 14-17 7-10 1-1 12-16 6-4 0-2 4-5 11-15 15-19 19-22 5-3 18-21
12-4 13-5 19-6 20-6 15-6 17-11 18-8 2-2 14-12 16-8 9-1 2-11 10-2
6-5 3-1 2-0 5-1 4-2 3-2 4-1
1-0 2-0 0-0
3-1 3-0
1-1 2-2 0-0
3-8 0-0 9-9 1-1 4-6 6-8 5-7 7-3 3-6 2-5
5-5 1-2 2-1 0-0 6-4 7-6
0-0 1-1 3-6 2-5 4-7
1-0 2-0 0-0
1-0 2-0 0-0
1-0 2-0 3-1 0-0
1-0 2-0 0-0
2-1 0-0 4-2 1-0 3-2 5-2
4-4 8-8 5-5 7-7 0-0 9-9 1-1 3-3 2-2 6-6
1-0
4-3 1-1 3-2 0-0
5-5 4-3 0-0 1-1 2-2
4-4 9-10 5-5 10-11 0-0 14-17 12-15 1-8 13-16 7-9 8-13 3-3 7-12 2-2 6-6 11-14 15-18
1-1 2-2 0-0
9-10 5-5 3-4 0-0 1-1 12-9 6-7 13-12 2-2 6-6 11-8 8-11
8-8 2-7 0-0 1-1 4-6 5-3 3-5
5-5 7-7 0-0 1-1 4-6 6-4 3-2
0-0 1-1 5-4 3-3 7-6 2-2 6-6 4-7
0-0 1-1 6-4 3-3 8-6 2-2 5-3 7-5
0-1 1-1 2-2
3-2 2-1 0-0
1-1 0-0
0-1 4-4 5-5 7-7 1-1 3-3 2-2 6-6
4-4 5-5 6-5 0-0 1-1 3-3 2-2
7-4 2-1 0-0 3-1 9-5 6-3 4-1 8-5 5-2
0-1 4-4 3-4 6-5 1-1 5-4 2-2
2-4 0-0 5-8 1-1 3-3 7-6 8-9 4-7
0-0
1-0 3-2 4-2 2-2
25-23 18-20 21-19 29-26 12-13 14-16 17-21 2-2 9-11 10-12 13-14 6-8 33-32 4-5 3-3 5-6 14-15 22-22 27-24 7-9 15-16 24-22 32-29 33-31 20-18 0-0 1-1 8-10 28-25 30-28 33-30 16-17
1-0 2-0 3-1 0-0
0-0
1-0 2-0 0-0
1-0 3-1 4-1 2-1
1-0 5-3 3-2 2-1
3-3 2-2 0-0
1-0 2-3 2-1 2-2
4-3 3-1 0-0 2-0 2-2
0-1 2-4 1-1 2-3 2-2 2-5
2-4 2-1 0-0 2-3 2-2 1-0
4-4 8-8 5-5 2-1 7-7 0-0 10-9 1-1 9-12 12-13 4-2 6-6 3-2 11-11
0-0
0-0 3-1 2-0 4-2 1-0 6-3
1-0 2-0 0-0
1-0 2-0 0-0
2-1 0-0 3-1 1-0 4-1
4-4 0-0 1-1 6-8 5-7 4-5 3-3 2-2
3-4 4-3 2-2 28-27 7-7 15-17 25-25 26-26 29-28 12-15 22-22 16-18 20-21 5-5 0-0 1-1 17-19 19-16 27-23 30-28 6-6 18-8 24-24
2-4 0-0 1-1 4-6 3-5
1-1 0-0
0-4 2-1 3-1 8-7 6-8 4-2 5-6 1-0
12-17 17-23 8-4 22-21 2-7 0-0 10-14 1-1 17-19 23-3 7-3 14-13 23-22 11-15 13-18 3-5
0-1 0-0 1-1 4-2 5-3
1-0 0-0
7-4 2-1 0-0 1-0 3-2 6-3
4-0 0-0
4-4 5-5 0-0 1-1 6-7 3-3 2-2
6-5 4-3 3-1 0-0 1-1 5-4 7-6 2-2
2-1 0-0 4-3 5-3 4-2 1-0 3-2
1-0 2-1 0-0
1-0 2-0 0-0
1-0 2-0 3-1 0-0
1-0 2-0 0-0
0-1 1-2 0-3 4-6 5-7 2-3 8-9 7-8 3-5
4-4 5-5 0-0 1-1 3-3 2-2 6-6
2-4 0-0 3-1 1-1 4-2 5-3
4-4 5-5 0-0 1-1 3-3 2-2 6-6
10-8 0-0 3-1 12-10 5-3 2-0 6-4 4-2 11-9 6-10 8-6 1-0 7-5 9-7 13-11
7-5 0-0 6-4 8-6 5-3 3-2 4-1
10-8 3-1 9-6 0-3 4-2 1-4 8-5 5-2
0-0
4-4 6-5 4-3 0-0 1-1 3-3 2-2
0-1 2-0 3-1 4-2
4-4 2-1 0-0
2-1 0-0 3-1 5-3 6-4 4-2 1-0
1-2 6-5 0-0 9-9 12-10 5-4 10-7 2-3 7-6 11-8
2-1 3-4 6-5 8-7 9-3 10-9 0-2 7-6 4-8 1-0
7-4 8-4 0-0 3-1 13-7 5-3 2-0 6-4 4-2 11-6 9-5 12-6 10-6 1-0
4-3 0-0 1-1 5-3 3-2
4-4 8-8 7-7 0-0 9-9 1-1 5-4 6-6 3-2 2-5
2-3 1-1 0-0
1-1 2-2 0-0
22-8 21-13 18-10 4-5 23-18 5-3 19-11 8-14 1-2 2-1 16-9 6-4 15-16 7-6 20-12 0-0 14-17 10-7 11-15
0-0 1-1 13-10 6-4 10-7 7-9 12-6 11-5 2-2 5-3
12-11 2-1 15-14 4-3 0-0 5-4 7-9 6-7 10-10 11-12 14-13 9-8 16-15 1-0 12-5 3-2
4-4 8-8 13-14 1-2 5-5 2-1 7-7 0-0 9-9 15-11 17-17 12-13 14-10 11-12 3-3 18-18 6-6 15-15
6-2 0-0 3-1 2-0 4-2 5-2
2-1 0-0 5-3 6-4 4-2 1-0 7-5
1-0 0-0
3-1 1-1 2-1 0-0
10-8 0-0 8-7 1-1 6-4 4-2 11-6 12-9 2-2 5-3 7-5 9-7
6-12 8-8 9-10 1-5 0-0 3-7 10-14 0-3 5-13 2-6 3-6 7-11 4-7
2-3 0-2 3-3 2-1
6-5 4-3 0-0 10-8 1-1 5-4 13-10 7-6 3-9 2-2 11-8 9-7 12-8
4-0 5-5 2-1 3-1 0-3 1-4
7-4 0-0 8-7 6-4 4-2 3-6 5-3
0-0 1-1 5-4 4-5 3-3 2-2 6-6
2-1 0-0
0-1 3-4 1-1 4-6 2-2
7-4 1-2 4-3 0-0 5-4 9-6 6-4 2-2 10-9 8-5
1-1 3-3 2-2 0-0
4-4 5-5 0-0 1-1 6-8 3-3 8-9 2-2 6-6
5-3 3-2 2-1 0-0
9-10 10-11 3-4 0-0 1-1 2-3 6-7 4-5 8-9 11-12 5-6 7-8
2-1 4-3 5-4 1-0 3-2 2-5
1-2 3-4 0-0 1-1 2-3 6-7 4-5 5-6 7-8
6-2 3-4 0-0 8-7 2-3 7-6 9-8 1-0 5-9
1-0 2-0 0-0
4-4 1-2 10-11 0-0 6-8 8-10 13-13 2-3 7-9 12-14 9-11 14-15 5-12 3-5
2-1 3-1 1-1 4-2 5-3
21-13 29-20 23-16 17-9 27-19 30-21 5-31 7-4 33-23 15-8 24-17 35-23 18-10 44-29 12-6 19-11 9-4 10-5 36-24 13-7 41-26 42-27 25-18 26-19 20-12 3-2 39-25 31-21 14-8 22-15 8-4 34-23 0-0 45-32 1-1 28-19 11-6 32-22 16-8 6-3 43-28
7-4 0-0 3-1 5-3 13-10 2-0 6-4 4-2 10-7 12-9 8-6 1-0 11-8 15-12 14-11
11-7 20-18 17-14 8-4 0-0 1-1 13-11 15-13 19-16 9-5 5-10 10-6 18-15 14-12 3-2 6-3 12-8 16-17
2-1 0-0 4-2 1-0 3-2 5-2
4-4 3-4 0-0 1-1 3-3 2-2
1-1 2-2 3-2 0-0
0-0 1-1 4-2 2-2 3-2
0-0 1-1 4-2 2-2 3-2
10-11 3-4 0-0 7-10 1-1 4-6 5-7 2-3 8-9 9-8 2-2
6-5 4-3 0-0 1-1 5-4 8-6 2-2 3-2 9-7
4-4 1-2 0-0 2-3 3-3
0-1 0-0
1-0 2-0 0-0
1-0 2-0 0-0
3-2 1-2 2-2 0-0
6-5 0-0 10-8 12-10 1-1 5-4 11-9 3-3 7-6 8-6 2-2 9-7 13-11
1-0 2-0 0-0
1-0 2-0 0-0
3-1 1-1 2-1
2-1 10-8 0-0 6-4 4-2 8-6 5-3 7-5 9-7
3-4 0-0 1-1 2-3 6-7 4-5 5-6
4-4 8-8 5-5 0-0 1-1 3-3 7-6 2-2
1-0 2-0 0-0
4-4 13-14 17-17 5-5 2-1 0-0 6-11 9-6 8-10 10-7 12-13 19-16 7-9 3-3 18-15 11-8 20-18
4-4 0-0 1-1 3-3 2-2
4-4 6-5 0-0 1-1 3-3 2-2 5-2
1-0 0-0
20-20 22-17 0-2 1-0 11-14 7-7 16-13 25-22 12-9 4-5 3-3 23-18 5-6 8-8 2-1 13-10 18-21 14-11 17-16 9-15 19-19 15-12
2-4 6-5 0-0 1-1 9-2 7-6 8-6 10-3 11-8 4-7
5-5 1-2 2-1 3-4 0-0 6-5 7-6
1-0 2-0 3-1 0-0
4-3 3-2 2-1 0-0
0-0
1-0 2-0 0-0
2-1 4-3 0-0 6-4 1-0 3-2
8-8 12-11 10-9 11-10 5-1 6-4 2-3 4-5 7-6 13-12 1-0 3-2
7-5 4-3 0-0 1-1 9-6 6-4 10-7 5-3 3-2 11-8
4-4 5-5 0-0 1-1 3-3 2-2
4-4 3-4 0-0 1-1 3-3 2-2
1-1 2-2 3-2 0-0
0-0 1-1 4-2 2-2 3-2
0-0 1-1 4-2 2-2 3-2
0-0
0-0
4-4 1-2 2-1 6-5 0-0 1-1 3-3 7-6 8-6
4-4 3-4 0-0 1-1 3-3 2-2
1-1 2-2 3-2 0-0
0-0 1-1 4-2 2-2 3-2
0-0 1-1 4-2 2-2 3-2
4-3 0-0 1-1 6-4 8-6 2-2 5-3 7-5 9-7
6-5 0-0 5-4 3-3 7-6
1-1 3-3 2-2 0-0
1-0 2-0 0-0
1-0 2-0 0-0
1-0 2-0 0-0
1-0 2-0 0-0
4-4 5-5 0-0 1-1 3-3 2-2
4-4 0-0 1-1 3-3 5-6 2-2
21-16 8-9 19-15 11-11 13-14 20-16 4-5 3-3 12-12 5-6 9-7 9-10 17-17 1-2 2-1 6-7 22-18 0-0 10-13 7-8
6-5 0-0 8-7 1-1 5-4 12-9 3-3 7-6 2-2 11-8 15-12 13-11 14-11
4-4 0-0 1-1 3-3 2-2
2-4 7-7 6-5 0-0 10-8 12-10 1-1 9-6 11-9 4-2 5-3
4-4 3-4 0-0 1-1 3-3 2-2
1-1 2-2 3-2 0-0
0-0 1-1 4-2 2-2 3-2
0-0 1-1 4-2 2-2 3-2
4-3 0-0 1-1 3-3 2-2
0-0 3-1 5-4 9-5 8-3 2-2
4-4 5-5 6-5 0-0 1-1 3-3 7-6 2-2
6-5 0-0 1-1 5-4 2-2
10-8 4-3 0-0 1-1 5-4 6-4 8-6 2-2 7-5 9-7
7-4 8-8 0-0 1-1 6-6 6-7 3-3 2-2 5-3
8-8 5-11 3-4 7-7 0-0 9-9 1-1 11-12 10-10 4-5 2-2 6-6
2-1 10-9 4-3 0-0 11-10 5-4 12-12 6-6 3-2
3-4 7-7 0-0 8-7 1-1 2-3 6-7 4-5 5-6
4-4 5-5 6-5 0-0 1-1 3-3 2-2
4-4 5-5 7-7 10-8 0-0 11-10 1-1 15-13 3-3 8-9 2-2 6-6 12-11 14-12
4-4 1-2 0-0 3-3 7-6 9-7 8-5
5-4 14-10 17-12 8-6 11-8 25-22 26-23 18-13 4-2 12-9 35-29 31-25 21-18 22-19 9-7 34-27 19-14 10-8 13-10 6-4 15-10 32-26 29-24 23-20 0-0 1-1 2-0 27-23 2-3 30-28 7-5 24-21 16-11 33-27
3-1 2-0 4-2
1-0 2-0 0-0
1-0 2-0 0-0
3-4 19-18 16-17 17-19 11-11 2-3 6-7 4-5 8-9 10-10 5-6 12-12 13-13 1-0 15-16 14-15 7-8 20-21
0-0 3-1 1-1 3-0 1-0 4-1
2-0 0-0
4-3 0-0 1-1 3-3 2-2 5-3
1-0 0-0
4-4 6-5 1-1 5-4 9-6 10-7 3-3 7-6 8-6 2-2
4-4 1-2 2-1 6-5 0-0 10-8 5-4 3-3 8-6 7-5 9-7 11-8
0-0 1-1 4-5 3-3 5-6 2-2
4-4 5-5 0-0 3-1 1-1 7-6 2-2 6-6
4-4 12-7 13-10 11-6 9-5 3-3 10-6 6-9 7-8
1-0 2-0 0-0
1-0 2-0 0-0
1-0 2-0 0-0
2-1 0-0 4-2 1-0 3-2 5-2
0-0
2-1 0-0 4-2 1-0 3-2 5-2
6-5 4-3 0-0 1-1 5-4 7-6 3-2 9-7
7-4 4-3 0-0 1-1 5-4 6-4 2-2 3-2
12-10 5-4 14-10 8-6 2-2 1-0 19-15 15-11 6-5 20-16 3-3 9-7 10-8 13-10 16-12 7-6 4-4 0-0 1-1 17-13 11-9 18-14
8-4 0-0 3-1 4-2 9-5 10-6 5-3
4-6 14-13 17-15 2-2 19-18 11-11 16-16 15-17 3-3 12-12 8-8 13-13 6-7 0-0 9-9 1-1 10-10 7-5 18-14
4-4 3-4 0-0 1-1 3-3 2-2
1-1 2-2 3-2 0-0
0-0 1-1 4-2 2-2 3-2
0-0 1-1 4-2 2-2 3-2
1-0 2-0 0-0
1-0 2-0 0-0
1-0 2-0 0-0
3-1 5-4 1-8 0-3 2-0 9-6 10-7 11-9 7-5 4-1
35-33 29-26 20-20 23-22 31-29 9-11 28-27 36-34 16-16 24-23 32-30 6-8 3-3 21-21 5-6 38-37 17-17 10-11 37-35 13-13 7-9 25-24 33-31 18-18 26-25 38-36 14-14 0-0 1-1 8-10 11-12 19-19 27-26 34-32 30-28 33-30 15-15
1-0 2-1 0-0
4-4 8-8 5-5 7-7 10-9 0-0 9-9 1-1 11-9 3-3 2-2 6-6
4-4 1-2 0-0 1-1 3-3
4-4 5-5 0-0 1-1 6-6
0-1 1-2 3-4 2-3 4-5 5-6
2-1 0-0 3-1 4-2 1-0
2-4 11-10 4-3 0-0 17-16 1-1 15-13 14-13 5-6 9-8 13-12 10-9 12-11 8-5
0-0 1-1 4-5 3-3 8-6 2-2
1-0 2-1 0-0
3-1 2-0 4-2 0-0
7-4 0-0 3-1 4-6 15-13 5-7 12-9 10-10 9-8 13-12 2-2 1-0 6-3 8-5 14-11
2-1 0-0 4-2 1-0 3-2 5-2
4-3 5-4 14-13 8-9 2-2 3-3 9-10 10-11 13-13 16-15 18-18 12-14 4-4 0-0 17-16 1-1 11-12 6-6 7-8
4-4 8-8 5-5 7-7 0-0 1-1 3-3 2-2 6-6
0-0 6-4 9-8 8-6 2-2 5-3 7-5 4-1
4-4 10-11 16-10 15-8 13-7 14-7 17-9 7-3 18-9 9-5 12-6 19-9 1-0 20-12
11-10 7-5 0-0 1-1 6-4 4-2 10-7 2-3 9-8 8-6 3-2
7-7 0-0 1-1 4-6 6-4 2-2 5-3 3-5
7-4 5-5 2-7 4-3 0-0 1-1 6-4 9-8 3-2
1-0 3-1 4-1 2-1
1-0 2-0 0-0
1-0 2-0 0-0
0-0 1-1 4-2 2-2 3-2
13-8 7-5 4-3 0-0 1-1 5-4 9-6 6-4 10-7 11-9 3-2 15-12 2-11 12-8
2-1 6-5 4-3 0-0 1-1 5-4 7-6 3-2
2-0 0-0
7-7 4-3 8-7 1-1 5-4 2-0 7-6 9-8 6-6 3-2
0-2 2-0 3-2 4-3
4-4 5-5 0-0 1-1 3-3 2-2 6-6
2-0 0-0
4-4 5-5 2-1 7-7 0-0 6-6 1-3
7-4 10-8 0-0 3-1 1-1 9-6 6-4 2-2 5-3 7-5 8-5
2-0 0-0
1-1 0-0
2-1 3-4 0-0 4-5 1-3
6-2 4-0 8-4 2-7 9-6 3-10 5-1 7-3 9-5 10-6 0-8 1-9
4-4 0-0 1-1 0-2 3-3
7-4 5-8 4-3 9-6 6-7 10-9 3-2 8-5
0-0
4-3 0-0 1-1 3-3 2-2
4-4 8-8 6-5 0-0 1-1 3-3 7-6 2-2 9-7
0-0
3-4 0-0 1-1 4-2 2-5
1-0 2-0 0-0
1-1 3-3 2-2 0-0
1-1 0-0
1-0 2-1 0-0
1-1 3-3 2-2 0-0
3-4 0-0 2-3 4-7 7-8
6-5 4-3 0-0 1-1 5-4 7-6 3-2
4-4 5-5 6-5 0-0 10-8 1-1 13-10 12-9 3-3 8-6 2-2 7-5 9-7 11-8
4-4 13-14 5-5 11-10 0-0 9-9 1-1 10-13 2-3 6-7 8-9 12-12 3-6 7-8
4-4 10-11 14-14 16-16 6-5 0-0 1-1 5-7 12-9 11-12 3-3 7-6 9-8 8-6 2-2 15-15
2-4 0-0 1-1 6-6 4-2 5-3 3-5
20-17 5-4 22-20 31-26 10-6 17-15 28-21 17-18 13-11 6-5 7-10 24-20 4-2 29-22 14-12 11-7 27-24 30-23 15-13 26-25 18-15 12-8 23-20 0-0 9-9 1-1 19-16 16-14
4-4 5-5 0-0 8-7 1-1 3-3 9-8 2-2 6-6
7-4 10-5 0-0 3-1 5-3 2-0 6-4 4-2 9-5 1-0 8-5
1-0 0-0
7-4 4-3 0-0 1-1 5-4 6-4 2-2
7-4 11-7 12-7 4-3 5-8 0-0 1-1 9-6 13-10 10-6 2-2 6-9 8-5
1-0
0-1 1-0 2-2
7-4 8-8 0-0 1-1 4-5 5-6 3-2 6-3
2-1 4-3 5-3 1-0 3-2
0-0 3-7 1-1 4-6 6-4 9-8 2-2 7-5 8-5
0-0 3-1 2-0 4-2 1-0 5-2
1-0 2-0 0-0
1-1 2-2 3-2 0-0
4-4 5-5 10-11 11-10 0-0 8-7 1-1 13-18 22-20 15-13 20-16 3-3 7-6 9-8 2-2 14-12 6-9 17-14
3-4 0-0 1-1 5-7 2-3 6-7 4-5
22-17 8-3 28-18 25-16 6-2 15-8 22-13 12-6 23-18 9-4 10-5 27-15 2-1 13-7 16-9 20-12 3-2 23-14 0-0 17-10 1-1 19-13
8-6 2-2 11-8 13-11 16-16 12-9 3-3 14-12 19-14 15-13 6-10 18-15 21-17 20-15 0-0 1-1 9-6 10-7 7-5
1-0 3-1 4-1 2-1
2-1 10-8 10-9 3-1 9-6 6-4 10-7 10-10 7-2 1-0 4-1 8-5 5-2
3-1 9-5 10-6 1-0 16-10 18-13 4-2 14-9 5-3 17-11 11-7 7-3 15-10 18-12 12-8 8-4 0-0 2-0 19-13 13-9 6-3
4-3 5-4 23-19 17-15 10-9 1-0 6-5 18-16 21-18 14-12 2-1 19-17 15-13 7-6 3-2 20-18 12-8 14-11 22-18 8-7 16-14
1-0 2-0 0-0
4-4 3-2 2-1
2-1 6-4 10-7 9-5 3-3 7-6 1-0 5-2
4-1 0-0
3-1 2-1 0-0
2-1 0-0 3-1 1-1 3-2
2-1 4-3 5-4 1-0 3-2
1-0 2-0 0-0
1-0 2-0 0-0
1-0 2-0 0-0
1-0 2-0 0-0
3-1 8-6 17-15 11-14 16-13 18-16 4-2 12-9 20-16 5-3 9-7 2-1 13-10 6-4 14-11 0-0 1-1 19-16 7-5 15-12
1-2 2-1 5-8 0-0 7-10 10-13 9-15 11-14 6-9 4-7
16-20 17-21 13-11 6-5 18-10 21-18 3-6 5-3 22-25 14-15 1-2 11-16 15-13 7-9 4-7 12-17 23-23 0-0 8-10 24-24
7-7 10-8 0-0 3-1 12-10 11-9 4-2 9-5 2-2 6-6
1-0 2-0 0-0
1-0 2-0 0-0
1-0 2-0 0-0
1-0 2-0 0-0
1-0 2-0 0-0
7-7 10-9 0-0 8-10 5-1 4-2 9-8 6-6 11-11
7-4 0-0 3-1 5-10 9-8 8-6 2-2 10-9 6-3 11-11
4-4 11-7 5-5 22-15 12-8 7-10 23-16 17-13 8-10 26-17 10-10 13-9 2-2 6-6 9-11 1-9 18-14
1-1 0-0
3-1 2-0 4-2
1-0 2-1 0-0
4-4 9-7 11-10 10-8 0-0 1-1 3-3 7-6 13-12 2-2 14-12 12-11 6-9 13-11
1-0 1-1 2-1 0-0
0-0 3-1 2-0 4-2 1-0 5-2
1-1 2-1 0-0
2-3 2-2 2-1 0-0
0-1 2-0 3-1 4-1
1-0 3-2 4-3 0-0
0-4 6-1 10-7 3-3 5-0 7-2 2-5 1-3
3-1 4-1 3-0 0-0
2-4 0-0 4-6 5-7 1-3 3-5
4-4 8-8 5-5 7-7 0-0 1-1 3-3 2-2 6-6
2-1 0-0 3-1 1-1 6-4 4-2 8-6 5-3 7-5 9-7
25-23 26-24 4-9 8-6 11-8 16-16 23-12 20-19 21-18 5-3 9-7 17-17 10-8 28-26 2-10 19-20 6-4 13-13 24-22 12-11 3-2 14-14 22-21 0-0 1-1 27-23 7-5 15-15
26-21 35-30 29-23 21-19 4-6 23-19 5-7 31-26 8-3 25-1 27-22 11-11 30-24 16-13 24-20 6-8 15-17 22-19 14-15 17-14 9-10 2-4 33-28 20-18 3-5 0-0 34-29 19-16 28-22 7-2 32-25 18-14
1-2 10-11 2-1 0-0 11-13 16-17 4-6 13-16 3-10 6-4 9-8 5-3 7-5 14-15 8-5 12-14 15-15
0-0 8-7 1-1 6-4 7-6 5-3 3-2
4-4 1-2 2-1 0-0 8-7 3-3 7-6
1-0 2-1 0-0
1-0 2-0 0-0
1-0 2-0 0-0
1-0 2-0 0-0
4-3 0-0 1-1 3-3 2-2
1-1 0-0
4-4 0-0 1-1 3-3 2-2
3-1 1-1 2-1 0-0
3-4 0-0 1-1 2-3 3-5
0-0 3-7 8-10 6-4 4-2 7-9 5-3 9-11 2-5 10-12
4-4 11-7 0-0 5-1 7-3 9-5 10-6 6-3 12-8
12-11 1-2 3-4 11-10 0-0 2-3 8-6 10-9 7-5 14-12
6-5 4-3 0-0 1-1 5-4 7-6 2-2
2-1 4-3 0-0 1-0 3-2
0-0
4-3 20-17 22-20 14-10 23-19 9-8 2-2 28-24 15-11 7-7 16-13 29-25 12-12 21-18 17-14 8-8 10-8 18-15 26-22 3-2 5-5 0-0 1-1 11-9 19-16 27-23 6-6 24-21
2-1 0-0 4-2 1-0 3-2 5-2
1-0 2-0 3-1 0-0
17-14 19-17 12-10 16-13 1-1 11-9 6-4 10-7 7-3 13-16 9-5 2-2 18-15 15-12 13-11 14-11
4-4 6-2 5-5 10-11 3-4 0-0 8-7 1-1 12-13 11-12 7-6 9-8
6-5 3-1 5-4 0-3 2-0 4-2 8-6 7-5 9-7
2-4 0-0 1-1 5-7 3-6 2-5
1-0 2-1
4-4 0-0 1-1 4-6 6-8 5-7 10-13 4-5 3-3 6-10 10-12 2-2 9-11 7-11 6-9 8-11
9-10 2-1 5-8 11-13 0-2 8-11 7-12 10-6 1-0 6-9 4-7 3-5
4-4 0-0 1-1 3-3 2-2
2-1 0-0 3-1 2-0 4-2
0-1 1-2 0-0 4-3 5-4 2-2 3-2
7-4 4-3 0-0 1-1 5-4 11-9 6-4 10-7 3-3 9-8 2-2
7-4 0-0 3-7 1-1 4-6 9-8 2-2 5-3 8-5
7-7 6-5 0-0 1-1 4-2 11-12 10-10 8-9 9-8
1-1 3-3 2-2 0-0
1-0 1-1 2-1 0-0
1-1 3-3 2-2 0-0
4-4 4-0 5-5 0-0 8-7 1-1 6-6 2-2 5-3 7-5
9-10 11-7 6-5 4-3 0-0 1-1 5-4 8-9 10-6 2-2 3-2 7-11 13-11
2-4 1-2 0-0 4-5 3-3
3-1 2-1 0-0
2-2 5-1 0-0
1-1 0-0
4-4 3-4 0-0 1-1 3-3 2-2
1-1 2-2 3-2 0-0
0-0 1-1 4-2 2-2 3-2
0-0 1-1 4-2 2-2 3-2
21-16 20-14 4-3 5-4 9-5 10-6 1-0 16-10 17-11 11-7 2-1 30-23 6-4 18-12 26-19 3-2 29-21 12-8 14-11 22-15 0-0 27-20 28-22 24-18 25-17
2-1 6-5 4-3 0-0 5-4 11-9 12-9 13-9 9-8
3-1 1-1 2-1 0-0
6-5 4-3 0-0 1-1 5-4 3-2
3-1 5-3 2-0 0-0
1-0 2-0 0-0
1-0 2-0 0-0
4-4 3-4 0-0 1-1 3-3 2-2
1-1 2-2 3-2 0-0
0-0 1-1 4-2 2-2 3-2
0-0 1-1 4-2 2-2 3-2
1-1 2-2 3-2 0-0
1-0 2-0 0-0
3-1 0-2 5-4 0-0
11-7 16-11 2-1 0-0 6-4 15-10 17-12 3-3 10-6 14-9 12-8 5-2
0-0
22-15 20-14 0-0 8-7 11-13 1-1 4-6 6-4 14-10 17-9 18-9 2-2 5-3 16-8 7-5
20-14 5-1 22-17 17-12 8-6 10-9 15-8 4-2 21-15 23-18 11-7 13-10 24-19 0-0 9-9 2-3 19-13 7-5 16-11
7-4 2-2 9-5 6-0 5-3 4-1
7-4 2-1 10-8 0-0 9-9 16-9 4-2 5-3 17-11 8-5 19-11
4-4 5-5 7-7 0-0 1-1 2-2 6-6
4-3 1-1 2-2 0-0
2-1 6-5 4-3 0-0 5-4 3-2
0-0
1-1 0-0
3-8 13-4 2-7 0-0 4-9 15-14 1-1 9-12 12-3 14-6 5-10 11-2 8-12 7-11 10-12
5-5 4-3 0-0 1-1 6-8 2-2 6-6
9-10 17-17 10-11 12-20 0-0 1-1 13-18 12-3 11-12 4-5 3-3 14-19 2-2 6-6 18-21 16-14 7-8 15-15
3-8 0-0 1-1 4-6 6-4 5-7 7-9 2-2
0-0
1-1 2-2 0-0
1-0
6-5 4-3 0-0 1-1 5-4 7-6 3-2
1-0 0-0
1-1 0-0
1-0 2-0 0-0
1-0 2-0 0-0
1-1 2-2 0-0
2-0 0-0
1-0 3-1 4-1 2-1
1-1 0-0
7-7 6-5 4-3 0-0 1-1 5-4 2-6 3-2
4-4 5-5 10-9 0-0 8-7 1-1 3-3 2-2 6-6 9-7 7-8
1-0 2-1 0-0
1-0 2-0 0-0
1-0 2-0 0-0
1-0 2-0 0-0
1-0 2-0 0-0
1-0 2-0 3-1 0-0
1-0 3-1 4-1 2-1
1-0
5-5 2-7 0-0 1-1 8-3 3-9 4-8 7-2 6-6 9-4
5-5 6-5 4-3 0-0 1-1 2-2
2-3 1-2 4-4 0-0
6-2 4-0 0-4 5-1 3-6 2-5 1-3
5-5 3-4 0-0 1-1 4-5 7-6 2-2 6-3
4-4 6-5 0-0 8-7 1-1 3-3 5-6 2-2 7-5
1-1 0-0
4-4 3-4 6-5 0-0 1-1 5-4 3-3 2-2
6-5 4-3 0-0 1-1 5-4 2-0 7-6 3-2
4-4 13-14 0-0 9-9 1-1 12-13 11-12 6-7 10-10 3-3 16-15 5-6 2-2 7-8
0-0 8-7 1-1 4-5 3-3 5-6 9-8 2-2
4-3 5-4 22-17 8-6 2-2 19-18 24-20 3-9 21-18 9-7 11-10 10-8 15-13 16-15 12-11 20-18 0-0 17-16 1-1 13-12 7-5 24-21
0-0
0-0 1-1 5-4 3-3 2-2
5-5 2-1 0-0 5-4 3-2
20-14 9-5 17-12 11-5 7-4 18-13 12-6 21-15 5-3 10-5 1-2 19-14 2-1 13-7 6-4 4-10 0-0 15-9 16-11
0-0 1-1 6-4 4-2 7-6 5-3 3-5
6-5 4-3 0-0 1-1 5-4 3-3 7-6 2-2
1-2 0-0 1-1 1-4 2-5
5-4 11-2 8-6 17-15 19-15 13-11 6-5 12-3 20-16 14-12 9-7 15-13 7-6 18-15 21-17 4-10 3-8 0-0 1-1 10-7 2-9 16-14
0-4 7-7 15-14 9-9 3-1 8-7 2-0 6-7 10-10 12-12 14-13 5-6 4-8 13-2 11-11
4-4 5-5 0-0 1-1 6-7 3-6 2-2
0-1 1-2 0-0
1-0 2-0 0-0
6-5 4-3 3-1 0-0 5-4 10-8 2-0 10-7 8-6 1-0 7-5 9-7
7-4 2-1 0-0 5-3 9-6 6-4 4-2 11-6 10-6 1-0 3-2 8-5
0-0 1-1 6-4 6-7 8-9 5-3 3-2
4-4 5-5 7-7 0-0 1-1 3-3 2-2 6-6
4-3 1-1 6-4 3-3 2-2 5-3
4-4 5-5 0-0 1-1 2-0 6-7 3-3 2-2 6-6 7-8
2-4 1-2 0-0 4-5 5-6
1-2 0-0
4-4 9-10 13-14 1-2 0-0 21-19 11-13 14-16 6-7 4-5 3-3 8-9 5-6 16-18 2-15 12-11 12-14
21-16 5-4 23-19 8-6 19-15 13-11 24-20 26-23 12-9 3-3 20-22 14-12 1-2 2-1 13-10 15-13 4-4 22-18 0-0 7-5 25-20 16-17 18-14
0-1 7-5 5-3 1-0 3-2
1-1
1-0 2-0 0-0
3-1 1-1 2-1 0-0
3-4 0-0 3-3 2-2 1-0
2-3 1-1 2-2 0-0
0-0 3-1 4-2 6-3 5-2
0-1 0-0
7-4 2-1 0-0 1-1 6-4 4-2 8-6 5-3
2-1 0-0 3-1 1-1 4-2 5-3 9-4
4-4 5-5 0-0 1-1 3-3 5-6 2-2
1-1 2-1 0-0
1-1 3-6 2-4 0-0
8-8 10-11 7-7 3-4 0-0 9-9 11-10 13-12 12-11 6-3 5-2
3-1 1-1 2-1 0-0
2-2 1-3 3-4 0-0
0-1 4-4 1-2 6-0 2-2 5-3 7-5
1-1 3-3 2-2 0-0
7-7 6-5 4-3 0-0 1-1 5-4 2-6 3-2
2-1 7-5 0-0 5-3 11-9 6-4 4-8 8-6 1-0 3-2 9-7
4-4 2-1 0-0 6-6 5-3 3-2 9-7 8-5 7-8
2-1 4-3 0-0 1-1 5-3 3-2 6-3
7-4 10-5 5-8 0-0 1-1 3-10 17-3 19-16 22-17 16-2 21-15 12-12 8-6 6-9 11-11 18-14
1-0 2-0 0-0
1-0 2-0 0-0
1-0 2-0 0-0
0-1 0-0
3-4 6-5 0-0 10-8 1-1 11-9 13-13 8-6 2-2 5-3 9-7
1-1 3-3 2-2 0-0
2-4 0-0 8-7 1-1 7-5 6-3 5-2
1-1 0-0
4-4 5-5 0-0 6-11 7-10 1-1 8-7 11-12 9-8 10-9 3-2
0-1 1-1 2-2
3-4 0-0 1-1 2-2 7-5
1-1 0-0
3-8 6-5 4-3 3-1 8-7 5-4 9-9 2-0 15-14 13-13 11-12 10-10 0-2 7-6 14-11
2-1 0-0 4-2 1-0 3-2 5-2
2-1 0-0 4-3 3-3 1-0 3-2
0-0 1-1 4-2 2-2 3-2
4-4 5-5 0-0 1-1 3-3 2-2
1-0 2-0 0-0
1-0 2-0 0-0
1-0 2-0 0-0
4-4 8-8 13-14 5-5 7-7 15-14 0-0 9-9 1-1 12-13 11-12 10-10 3-3 2-2 6-6 14-15 8-11
1-0 0-0
1-1 2-1 0-0
1-1 3-2 0-0
1-0 1-1 2-2 0-0
2-4 1-3 3-5 0-0
1-0 2-0 0-0
3-4 0-0 1-1 3-3 2-2
1-1 2-2 3-2 0-0
0-0 1-1 4-2 2-2 3-2
0-0 1-1 4-2 2-2 3-2
1-1 0-0
3-1 3-2 2-0 0-0
1-0 2-1 0-0
1-0 2-0 0-0
1-0 2-0 0-0
1-0 2-0 0-0
1-1 0-0
4-3 0-0 1-1 5-4 3-2
1-2 0-0 3-1 5-4 6-4 2-3
1-1 2-2 0-0
4-4 5-5 0-0 1-1 2-3 3-2
5-5 0-0 1-4 3-2 4-1
4-4 5-5 0-0 1-1 6-7 3-3 7-6 2-2
0-0 1-1 4-6 6-4 2-2 5-3 3-5
4-5 1-1 3-3 0-0
3-4 11-10 0-0 1-1 16-17 17-19 14-16 12-14 4-5 7-6 5-6 9-8 2-2 10-9 13-15 15-18 8-11
4-3 1-1 2-2 0-0
4-4 5-5 0-0 1-1 3-3 2-2 6-6
0-1 1-1 2-2
4-4 0-0 1-1 6-7 3-3 5-6 2-2
0-0 1-1 6-7 4-5 3-3 5-6 2-2 7-8
1-1 0-0
0-0
4-4 8-8 5-5 7-7 0-0 9-9 1-1 10-10 3-3 2-2 6-6
1-0 0-0
4-4 6-5 0-0 8-7 1-1 7-6 9-8 5-3
1-1 3-3 2-2 0-0
1-1 0-0
1-1 0-0
1-0 2-0 0-0
0-0 8-7 6-4 7-6 5-3 3-2 4-1
2-3 1-1 0-0
1-1 2-2 0-0
1-0 2-1 0-0
3-1 2-0 4-1 0-0
9-7 10-8 0-0 14-11 16-13 1-1 13-10 6-4 12-9 8-6 2-2 5-3 7-5 15-12 4-1 11-8
2-1 0-0 3-1 1-1 4-2
44-36 12-10 5-4 23-22 9-8 17-15 37-30 10-9 36-28 45-37 13-11 7-7 24-23 42-38 18-16 35-29 3-3 20-19 31-25 38-31 39-32 14-12 2-1 28-20 15-13 32-26 29-21 4-4 5-5 0-0 8-7 1-1 6-6 16-14 43-34 33-27
5-1 0-0
11-7 6-5 4-3 0-0 1-1 5-4 9-5 13-9 3-3 7-6 10-6 2-2 12-8
1-0 3-1 4-1 2-1
1-1 0-0
2-1 4-3 0-0 5-3 1-0 3-2 6-3
2-1 0-0 1-1 2-2 1-0
6-5 0-0 3-1 5-3 4-2 7-6 1-0
7-1 6-1 4-6 5-0 0-5 7-2
2-7 4-3 0-0 10-8 1-1 5-4 9-6 6-4 3-2 8-5
1-2 4-3 3-1 0-0 5-4
1-1 2-2 0-0
4-4 5-5 0-0 1-1 3-3 2-2 6-6
0-0 1-1 6-4 4-2 5-3 3-5
8-4 0-0 5-1 6-7 9-5 7-6 3-2
2-4 4-1 0-0 1-3 3-5 5-2
2-1 6-5 0-0 8-7 4-2 3-3 7-6
0-0 1-1 6-4 5-3 7-5
1-1 2-1 3-2 0-0
1-0
3-2 2-1 4-3
0-0 3-1 5-4 2-0 5-3
1-1 0-0
9-10 16-18 5-5 7-7 4-3 0-0 1-1 11-12 10-10 8-9 2-2 6-6 13-11 7-8
3-1 4-1 5-1
25-23 26-27 12-13 2-2 11-11 7-7 15-14 16-16 3-3 21-21 22-22 0-1 8-8 1-2 24-25 18-24 4-4 5-5 14-14 9-9 23-26 17-19 10-10 6-6 13-15
0-0 8-1 1-1 9-5 8-3 7-2 2-2 8-2 3-2 9-4
3-4 4-1 8-7 0-2 7-6 5-6 6-6 2-5 1-3
1-1 2-2 4-2 0-0
24-27 18-20 12-10 14-13 8-6 2-2 19-21 15-14 3-3 21-24 20-22 22-25 9-7 17-17 10-8 7-6 16-18 4-4 5-11 0-0 23-26 1-1 11-9
0-0
2-1 7-5 4-3 0-0 6-4 5-7 9-8 8-6 1-0 3-2
2-4 7-7 0-0 1-1 4-5 5-6 3-2 6-9 8-11
0-0 1-1 8-10 7-9 6-7 4-5 3-3 11-12 13-15 2-2 12-11
0-0 1-1 6-8 3-3 2-2 4-7 5-2
5-5 3-4 6-5 0-0 4-2 2-3 8-6 7-5
4-3 0-0 1-1 2-2 3-2
6-5 0-0 10-8 1-1 14-10 13-9 3-3 7-6 8-6 2-2 11-8 9-7 12-8
6-5 4-3 0-0 1-1 5-4 2-2
0-1 1-2 3-4 2-3 6-7 4-5 5-6
4-4 5-5 7-7 0-0 1-1 3-3 2-2 6-6 7-8
2-3 1-1 6-4 0-0
2-1 4-3 0-0 1-0 3-2
7-7 4-3 0-0 8-7 1-1 12-10 6-4 5-6 9-8 2-2 10-9 13-12 3-2 11-11
1-0 0-0
7-7 4-3 0-0 8-7 1-1 12-10 6-4 5-6 9-8 2-2 10-9 13-12 3-2 11-11
1-0 2-0 0-0
1-0 2-0 0-0
7-4 8-4 2-1 0-0 9-4 4-2 1-0 3-2 6-3 5-2
2-4 5-5 3-4 7-7 0-0 6-6 1-3
4-4 5-5 0-0 3-1 1-3
7-7 6-5 0-0 1-1 4-6 2-2 5-3 3-2
8-8 7-7 0-0 9-9 12-15 1-1 6-4 10-10 4-5 14-13 15-16 3-6 13-12 2-2 5-3 11-11
1-1 0-0
4-4 8-8 0-0 1-1 5-7 2-3 7-6 3-5
0-1 1-2 0-0
1-0 2-0 0-0
0-0 1-1 4-6 6-8 3-10 5-7 8-9 2-2 13-5 11-4 7-8 14-11
4-4 6-2 0-0 1-1 5-4 9-5 3-3 9-8 10-9 8-5
1-2 21-16 2-1 15-14 0-0 4-6 13-10 19-16 22-17 12-9 16-14 20-16 23-18 18-15 11-8 9-7 5-12 3-5
0-1 4-4 1-2 5-5 2-3 6-6 3-2
3-1 12-10 21-19 22-17 8-6 2-2 10-9 11-8 19-15 15-11 24-20 20-16 23-18 5-3 9-7 6-4 16-12 0-0 17-13 7-5 18-14
1-0 2-0 0-0
1-0 2-0 3-1 0-0
0-0 3-1 5-1 1-0 4-1
1-0 2-0 0-0
1-1 3-3 2-2 0-0
10-11 0-0 5-8 1-1 7-9 1-10 3-6 8-2 2-5 6-9 4-7 9-4
3-8 4-3 0-0 1-1 6-7 9-5 5-6 2-2 10-9 8-5
6-5 4-3 3-1 0-0 5-4 2-2
1-0 2-0 0-0
1-0 2-0 0-0
1-0 2-0 0-0
1-0 2-0 0-0
4-4 12-11 14-8 6-0 11-10 13-7 3-1 0-3 5-0 8-6 2-2 10-9 7-5 15-12
3-4 6-5 1-1 2-3 0-2 5-0
1-1 0-0
0-0
5-5 3-4 6-7 4-5 2-2 1-6
0-1 1-2 0-0
4-4 0-0 6-13 3-3 5-6 2-2 1-0
4-4 5-5 0-0 3-7 1-1 3-3 2-2 6-6 7-8
1-0 2-0 0-0
1-2 3-3 0-0
1-0 2-0 0-0
2-1 0-0 4-2 3-2 5-2
1-0 2-0 0-0
10-5 2-1 0-0 12-10 6-4 11-6 12-9 12-12 9-8 5-3 12-11
1-0 2-0 0-0
3-4 0-0 8-7 1-1 7-6 6-10 2-2 5-3 9-11
4-6 20-20 14-13 2-2 10-9 16-16 15-14 3-3 21-21 5-6 22-22 17-17 11-10 6-7 18-18 12-11 0-0 1-1 19-19
4-4 5-5 0-0 1-1 3-3 2-2 6-6
2-1 10-8 0-0 5-3 9-6 6-4 4-2 10-7 8-6 1-0 7-5
9-13 3-4 0-0 6-8 8-10 5-7 2-3 7-9 4-5 12-14 10-12 11-11
3-1 4-2 0-0
2-3 1-1 0-3 3-4
4-4 9-10 5-5 0-0 1-1 6-7 3-3 8-9 2-2 7-8
8-8 1-2 5-11 3-4 7-7 0-0 9-9 11-10 2-3 10-10 6-6
9-10 10-11 0-0 4-3 1-1 5-4 11-11 6-7 8-9 2-6 3-2 2-5 7-8
4-4 12-7 6-5 0-0 9-9 1-1 5-4 13-10 3-3 2-2
5-5 4-3 0-0 6-4 10-7 12-9 13-9 7-6 3-2 8-11 11-8
2-1 7-7 4-3 0-0 5-4 6-6 3-2
1-0 3-3 5-2
4-4 2-1 6-5 0-0 3-3 5-2
0-0 3-1 8-7 5-4 2-2 6-6 7-5
9-10 2-1 6-5 4-3 0-0 5-4 13-11 11-9 10-7 7-6 12-8
1-1 0-0
7-4 6-2 0-0 1-1 6-4 4-2 5-3
1-2 4-3 0-0 5-4 6-6 3-5
3-0 0-0
1-0 7-2
2-1 6-5 4-3 0-0 8-7 5-4 11-10 7-6 9-8 10-9 3-2
2-1 7-5 4-3 0-0 10-8 5-4 8-6 3-2 9-7 11-11
4-4 5-5 3-4 7-7 0-0 1-1 8-3 2-2 6-6
2-1 0-0 1-1 4-6 5-7 3-3 8-9 6-10 7-8
4-4 8-8 5-5 7-7 0-0 9-9 1-1 10-10 3-3 2-2 6-6
0-1 2-0
4-3 1-1 3-2 0-0
5-4 12-13 13-14 2-17 6-5 3-9 4-8 14-15 0-1 9-10 1-2 10-11 11-13 15-16 7-6 14-14 11-12 1-16 15-18
8-8 3-4 7-7 9-9 4-5 0-2 5-6 6-10 9-8 10-9 1-3 11-11
4-3 3-1 5-4 2-0 0-2
3-4 6-5 4-3 0-0 10-8 1-1 9-6 5-7 7-6 8-6 2-2
4-4 5-5 0-0 1-1 2-3 3-3 2-2
4-3 5-4 17-18 6-5 18-19 9-7 11-10 10-8 19-20 13-13 15-16 7-15 12-11 3-2 14-14 0-0 1-1 11-9 2-15 16-17
0-1 4-3 1-1 3-3 2-2 5-3
0-0
2-0
0-1 9-10 1-2 3-4 1-1 8-10 5-7 2-3 4-5 8-9 6-6 7-8
14-14 3-4 16-16 0-0 1-1 11-19 12-13 2-3 6-7 4-5 8-9 5-6 13-18 9-11 10-12 7-8 15-15
9-10 8-8 2-1 7-7 4-3 0-0 6-6 5-9 3-2
0-0 1-1 9-2 14-10 2-3 15-10 10-9 12-8
1-2 3-4 0-0 2-3 4-5
1-12 10-11 13-4 0-0 5-8 6-8 8-10 12-3 7-9 14-13 3-6 9-11 2-5 4-7 11-11
9-13 4-3 3-7 5-4 6-6 11-11 8-12 10-10 12-14 2-2 1-0 7-8
6-5 4-3 3-1 0-0 5-4 8-7 10-8 11-9 7-6 2-2 9-7
1-1 1-2 0-0
1-0 2-0 0-0
1-0 2-0 0-0
1-1 1-2 2-2 0-0
4-3 0-0 1-1 5-4 3-2
3-4 0-0 1-1 4-2 2-3
5-5 4-3 0-0 1-1 2-2
6-5 4-3 3-1 0-0 5-4 8-7 12-10 12-15 13-16 15-12 7-6 9-8 2-2 10-9 11-14 16-17 14-11
1-1 0-0
4-3 17-18 19-21 11-11 18-19 12-12 21-24 20-22 14-15 2-4 13-13 15-16 3-2 5-5 0-0 8-7 9-9 1-1 22-24 10-10 19-25 7-8 6-6 16-17
0-1 3-2 4-3 2-2
4-3 2-2 0-0
2-1 6-5 4-3 0-0 7-5 1-1 5-4 8-6 3-2
4-10 7-5 0-0 1-1 9-6 6-4 10-7 12-9 8-6 13-12 5-3 3-2 2-11 8-5 11-8
4-3 20-17 14-19 2-2 11-8 19-15 7-4 24-23 16-13 33-29 26-26 31-25 23-21 17-14 8-5 22-22 27-27 18-15 12-11 29-24 21-20 0-0 1-1 9-6 10-7 19-16 28-28 30-25 13-12 32-25 15-18
1-0 3-2 2-1 0-0
1-0 2-0 0-0
1-0 1-1 2-1 0-0
0-0 4-3 1-1 3-3 2-2 3-2
2-1 4-3 0-0 1-0 3-2
4-4 5-5 7-7 0-0 1-1 3-3 2-2 6-6
4-4 0-0 1-1 5-4 3-3 2-2 6-6
4-4 5-5 0-0 3-1 2-2 6-3
4-1 0-0
2-3 1-2 0-0
4-4 6-5 0-0 12-10 11-13 1-1 15-14 3-3 7-6 9-8 2-2 10-9 13-11 14-12
2-1 6-4 0-2 5-6 1-0 7-5
8-8 3-4 11-10 0-0 9-9 1-1 2-3 6-7 4-5 10-6 2-2
8-8 6-2 2-4 0-0 1-1 9-6 11-9 10-7 3-5
3-1 2-1 0-0
3-4 0-0 1-1 2-3 6-7 4-5 5-6 7-8
4-4 1-2 5-5 2-1 7-7 0-0 3-3 8-6 6-6
4-1 0-0
3-2 2-1 4-2
5-5 7-7 6-5 0-0 1-1 4-5 3-3 2-2
20-17 14-13 9-8 2-2 28-30 11-11 7-7 18-16 3-3 3-9 12-12 23-18 17-14 30-26 13-13 24-19 32-32 26-22 29-24 4-4 5-5 0-0 8-7 31-27 1-1 27-23 10-10 6-6 25-20
4-4 1-2 6-5 0-0 3-3
2-1 4-3 0-0 5-3 1-0 3-2
26-24 20-17 23-19 17-15 34-31 27-25 28-27 30-30 32-33 35-32 29-28 14-12 31-22 9-7 8-8 13-10 15-13 25-21 33-34 12-11 3-2 4-4 21-20 5-5 0-0 1-1 11-9 19-16 2-3 36-35 24-18 6-6 16-14 7-8
4-3 3-1 0-0 5-4 2-2
3-1 5-2 0-0
4-4 5-5 0-0 6-6 2-3 1-0
7-7 6-5 0-0 10-8 1-1 3-3 5-2
2-1 0-0 3-1 1-1 4-2 7-3 5-3 6-3 8-5
2-4 14-14 16-16 0-0 9-9 3-7 1-1 4-6 10-10 12-12 18-18 13-12 7-5 8-5 11-11 15-15
1-0 2-0 0-0
1-0 2-0 0-0
4-4 0-0 1-1 3-3 2-2
6-2 8-4 0-0 1-1 3-10 10-7 7-3 9-5 8-3 4-8 5-9
1-0 2-0 0-0
1-0 2-1 0-0
0-0
4-3 0-0 1-1 3-3 2-2 5-3 6-3
6-5 4-3 0-0 8-7 1-1 5-4 13-10 12-9 3-3 7-6 9-8 8-6 2-2
0-1 2-0
1-0 2-1 0-0
8-8 5-5 2-1 3-4 7-7 10-8 0-3 6-6 4-2 9-8 1-0
1-0
4-3 3-2 0-0
0-0
4-4 9-10 5-5 4-3 0-0 1-1 6-8 8-10 10-7 7-9 3-2 2-11
0-0
1-0 2-0 0-0
0-0 1-1 2-3 3-3 2-2
1-0 2-0 0-0
1-0 2-0 0-0
1-0 1-1 0-0
0-0 1-1 3-3 2-2 1-0
1-0 0-0
1-0 2-0 0-0
4-4 11-7 9-7 0-0 1-1 13-10 10-7 3-3 8-6 2-2 7-5 6-9 12-8
4-4 5-5 2-1 11-10 8-7 0-3 6-6 10-10 13-9 14-13 7-12 1-0 3-2 12-8
2-4 0-0 1-1 4-5 3-3
7-4 12-7 4-13 15-14 0-0 1-1 9-6 11-6 3-13 13-9 16-15 10-6 17-8 6-3 2-11 8-5 5-2
0-0 3-1 2-0 4-2 1-0
1-1 2-2 0-0
1-1 0-0
4-4 5-5 0-0 1-1 6-7 3-6
7-4 11-10 0-0 3-7 1-1 2-9 9-5 10-6 4-8 6-3 5-2
20-11 8-7 6-1 0-3 7-0 13-10 1-4 12-9 16-12 15-16 17-13 5-6 11-8 2-5 21-17 10-2 18-14
10-5 1-2 3-4 7-7 0-0 9-6 2-3 8-6 11-8 4-1
2-4 0-0 1-1 4-6 3-2 2-5
2-1 0-0 4-2 1-0 3-2 5-2
1-0 2-0 0-0
1-0 2-0 0-0
1-0 2-0 0-0
2-1 0-0 4-2 1-0 3-2 5-2
2-1 4-3 0-0 6-4 5-7 7-6 8-9 3-2
4-4 1-2 5-5 0-0 8-7 9-9 3-3 7-6 6-6 2-8
8-8 3-4 0-0 1-1 6-8 4-2 2-3 9-5 7-8
3-1 20-20 4-21 14-13 9-8 10-9 11-11 7-10 12-12 5-3 8-5 1-2 2-1 17-20 19-20 6-4 13-13 22-18 21-20 0-0
0-1 0-0
4-4 10-8 0-0 1-1 5-4 11-9 6-4 3-3 8-6 2-2 9-7
0-1 0-0
0-0 6-1 5-1 4-2 9-4
0-1 4-4 2-1 4-3 3-2
8-4 2-1 0-0 7-3 6-0 1-0 3-2 6-3
0-1 0-0
12-11 11-10 6-5 4-3 0-0 8-7 1-1 5-4 2-13 7-6 9-8 8-6 10-9 3-2 13-11 14-12
8-8 2-4 7-7 4-3 0-0 9-9 1-1 3-5
0-1 7-7 0-0 3-1 2-0 1-4 4-2 6-6 7-8
1-1 0-0
12-7 21-13 22-14 4-15 9-5 2-2 13-8 15-8 18-10 23-15 19-11 16-9 24-16 7-3 20-12 14-8 8-4 0-0 17-10 1-1 11-6 25-17 26-18
8-8 6-5 0-0 1-1 5-4 4-2 2-3 3-3 7-5
1-1 0-0
1-0 2-0 0-0
1-0 2-0 0-0
1-0 2-0 0-0
1-1 1-2 0-0
2-3 1-1 4-4 0-0
2-1 4-3 0-0 5-4 1-0 3-2
21-16 31-23 22-17 1-0 13-11 25-19 26-20 7-22 5-3 14-12 8-8 19-14 27-21 13-10 15-13 7-6 3-2 4-1 20-15 28-4 9-9 17-13 10-7 10-10 29-5 18-14
6-5 0-0 1-1 5-4 2-3 3-2
1-1 3-3 2-2 0-0
0-0 1-1 6-4 2-3 5-3
1-0 3-2 2-1 4-3
4-4 6-5 0-0 8-7 10-8 1-1 12-10 11-9 15-13 16-13 17-13 3-3 7-6 9-14 2-2 18-15 14-11
12-10 20-17 5-4 4-6 17-12 9-8 10-9 28-24 15-11 6-5 24-26 26-23 18-13 29-25 21-18 22-19 19-14 27-24 30-20 0-0 1-1 2-3 13-15 32-22 16-11
1-0 2-0 0-0
1-0 2-0 0-0
4-4 5-5 2-1 0-3 6-6 7-6 8-6 1-0 3-2 9-7
1-0 3-2 2-1
5-5 16-10 7-7 4-3 0-0 10-14 1-1 11-13 17-10 18-10 15-9 9-8 2-2 6-6 19-15 13-11 14-12
8-8 16-18 6-5 0-0 9-9 1-1 5-4 15-17 10-10 12-14 3-3 7-6 13-12 2-2 14-15 4-7 11-11
0-0
12-11 2-1 10-8 0-0 3-1 1-1 11-9 6-4 4-2 8-6 13-12 5-3 7-5 9-7
4-0 3-1 11-14 6-8 0-3 9-12 1-4 10-13 7-9 12-14 5-10 14-16 12-15 13-15 2-5 8-11
2-1 3-1 1-1 4-2 5-3
12-7 23-16 9-5 10-6 19-12 1-0 16-10 24-17 20-13 17-11 11-7 13-7 7-3 25-18 6-3 26-19 21-14 4-1 5-2 14-8 22-15 8-4 0-0 27-20 15-9 18-11
1-1 0-0
4-4 8-8 5-5 7-7 0-0 1-1 3-3 2-2 6-6
5-5 3-4 6-5 0-0 4-5 2-2 1-0
1-1 1-2 0-0
3-1 1-1 2-1 0-0
1-0 2-0 0-0
9-10 10-11 3-4 0-0 11-11 2-3 6-7 4-5 8-9 5-6 12-11 7-8
4-4 0-0 1-1 6-8 3-3 5-6 2-2 7-8
2-1 4-3 0-0 1-1 3-2
0-1 8-4 3-1 2-0 4-2 7-3 5-3 6-3
1-0 2-0 0-0
3-1 1-1 2-1 0-0
7-4 0-0 3-1 5-4 6-4 2-3 1-0
2-1 0-0 4-2 3-2 5-2
2-1 0-0 3-1 1-1 4-2
3-1 9-8 23-25 17-18 1-3 11-11 6-5 24-26 4-2 18-19 12-12 21-24 29-31 0-4 27-30 19-20 28-29 13-13 7-6 25-27 26-28 14-14 8-7 2-0 10-10 16-17
5-5 4-3 0-0 1-1 2-2
4-4 0-0 1-1 3-3 2-2
1-1 0-0
1-0 2-0 0-0
2-1 0-0 3-1 1-1 3-2
2-1 0-0 3-1 1-0 4-1
2-1 0-0 3-1 1-0 4-1
1-0 2-0 0-0
1-0 2-0 0-0
0-0 3-1 2-0 1-0 4-1
26-27 21-22 23-19 29-29 8-3 1-0 34-34 30-30 16-16 6-8 32-33 25-25 33-32 5-6 31-31 9-4 17-17 10-5 2-1 11-10 19-20 13-13 7-9 12-11 3-2 4-7 20-21 14-14 28-28 15-15
6-5 0-0 3-1 1-1 2-2 5-3
4-4 0-0 1-1 3-3 2-2
11-10 6-5 0-0 10-8 1-1 5-4 9-6 3-3 8-6 2-2 13-12 12-11
3-1 4-3 0-0
5-5 4-3 0-0 3-7 1-1 2-2 6-6 7-8
21-13 12-16 22-17 11-8 15-14 20-13 3-0 17-11 9-4 1-2 2-7 16-15 18-12 4-1 5-5 10-4 0-3 19-13 6-6
2-8 10-10 0-5 8-2 1-6 9-4
1-1 3-3 2-2 0-0
8-8 1-2 3-4 7-7 0-0 9-9 2-3 4-5 6-6
4-3 1-1 3-2 0-0
2-1 10-8 0-0 12-10 1-1 5-4 11-6 2-3 7-5 9-7
1-0 0-0
2-1 4-3 0-0 5-4 1-0 3-2
0-0
0-0
0-0
3-4 0-0 1-1 2-2 6-3
0-0
3-4 0-0 1-1 2-2 6-3
4-4 9-10 10-9 6-5 0-0 8-7 12-10 1-1 4-2 7-6 5-3 12-8
2-3 1-1 0-0
4-4 3-4 0-0 1-1 3-3 2-2
1-1 2-2 3-2 0-0
0-0 1-1 4-2 2-2 3-2
0-0 1-1 4-2 2-2 3-2
1-1 2-2 0-0
4-4 5-5 0-0 1-1 3-3 2-2
5-2 2-1 0-0
0-0 5-1 6-4 2-3 4-5 7-6 1-0 3-2
0-0 3-1 1-1 3-0 1-0 4-1
0-1 1-1
4-4 5-5 6-5 0-0 1-1 5-4 10-7 12-9 3-3 7-6 13-12 2-2 9-11
1-1 2-1 0-0
10-5 8-4 12-7 4-3 3-1 0-0 9-4 2-0 11-5 1-0 5-2
2-1 6-5 3-1 5-4 0-3 4-2 1-0
2-1 0-0 3-1 1-1 3-2
5-5 3-4 7-7 0-0 10-8 1-1 2-0 4-2 2-3 6-6 11-8
6-5 0-0 2-0 8-3 10-6 1-0 3-2 4-1 9-4
3-8 10-11 0-0 1-1 5-4 8-10 11-12 6-7 4-5 3-3 12-14 3-2 7-8
3-1 4-1 2-1 0-0
7-4 0-0 3-1 5-3 9-6 2-0 6-4 4-2 10-7 12-9 1-0 11-8 8-5
1-1 0-0
1-0 3-1 4-1 2-1
4-4 0-0 1-1 5-4 6-4 3-3 2-2 7-5
1-0 2-3 0-0
2-1 0-0 3-1 2-0 4-2 1-0
5-3 3-2 0-0
